

Microchip Technology PIC18 LITE Macro Assembler V1.36 build -262312587 
                                                                                               Wed Mar 02 14:58:33 2016

Microchip Technology Omniscient Code Generator v1.36 (Free mode) build 201601150325
     1                           	processor	18F24K50
     2                           	fnconf	rparam,??,?,0
     3                           	opt	pw 120
     4                           	opt	lm
     5                           	psect	cinit,global,reloc=2,class=CODE,delta=1
     6                           	psect	cstackCOMRAM,global,class=COMRAM,space=1,delta=1
     7                           	psect	text0,global,reloc=2,class=CODE,delta=1
     8                           	psect	text1,global,reloc=2,class=CODE,delta=1
     9                           	psect	intcode,global,reloc=2,class=CODE,delta=1
    10                           	psect	intsave_regs,global,class=BIGRAM,space=1,delta=1
    11                           	psect	rparam,global,class=COMRAM,space=1,delta=1
    12                           	psect	temp,global,ovrld,common,class=COMRAM,space=1,delta=1
    13  0000                     _ANSA3	set	31451
    14  0000                     _INTCONbits	set	4082
    15  0000                     _LATB	set	3978
    16  0000                     _OSCCON	set	4051
    17  0000                     _PORTAbits	set	3968
    18  0000                     _T0CON	set	4053
    19  0000                     _T0CONbits	set	4053
    20  0000                     _TMR0H	set	4055
    21  0000                     _TMR0L	set	4054
    22  0000                     _TRISB	set	3987
    23  0000                     _GIEH	set	32663
    24  0000                     _LATB3	set	31827
    25  0000                     _TMR0IE	set	32661
    26  0000                     _TMR0IF	set	32658
    27  0000                     _TRISA3	set	31891
    28                           
    29                           ; #config settings
    30  0000                     
    31                           	psect	cinit
    32  0000D4                     __pcinit:
    33                           	opt stack 0
    34  0000D4                     start_initialization:
    35                           	opt stack 0
    36  0000D4                     __initialization:
    37                           	opt stack 0
    38  0000D4                     end_of_initialization:
    39                           	opt stack 0
    40  0000D4                     __end_of__initialization:
    41                           	opt stack 0
    42  0000D4  9010               	bcf	int$flags,0,c	;clear compiler interrupt flag (level 1)
    43  0000D6  9210               	bcf	int$flags,1,c	;clear compiler interrupt flag (level 2)
    44  0000D8  0100               	movlb	0
    45  0000DA  EF5C  F000         	goto	_main	;jump to C main() function
    46                           
    47                           	psect	cstackCOMRAM
    48  000001                     __pcstackCOMRAM:
    49                           	opt stack 0
    50  000001                     ??_MyIntVec:
    51  000001                     
    52                           ; 1 bytes @ 0x0
    53  000001                     	ds	14
    54  00000F                     OpenTimer0@config:
    55                           	opt stack 0
    56                           
    57                           ; 1 bytes @ 0xE
    58  00000F                     	ds	1
    59  000010                     
    60                           ; 1 bytes @ 0xF
    61 ;;
    62 ;;Main: autosize = 0, tempsize = 0, incstack = 0, save=0
    63 ;;
    64 ;; *************** function _main *****************
    65 ;; Defined at:
    66 ;;		line 30 in file "main.c"
    67 ;; Parameters:    Size  Location     Type
    68 ;;		None
    69 ;; Auto vars:     Size  Location     Type
    70 ;;		None
    71 ;; Return value:  Size  Location     Type
    72 ;;                  1    wreg      void 
    73 ;; Registers used:
    74 ;;		wreg, status,2, status,0, cstack
    75 ;; Tracked objects:
    76 ;;		On entry : 0/0
    77 ;;		On exit  : 0/0
    78 ;;		Unchanged: 0/0
    79 ;; Data sizes:     COMRAM   BANK0   BANK1   BANK2   BANK3   BANK4   BANK5   BANK6   BANK7
    80 ;;      Params:         0       0       0       0       0       0       0       0       0
    81 ;;      Locals:         0       0       0       0       0       0       0       0       0
    82 ;;      Temps:          0       0       0       0       0       0       0       0       0
    83 ;;      Totals:         0       0       0       0       0       0       0       0       0
    84 ;;Total ram usage:        0 bytes
    85 ;; Hardware stack levels required when called:    2
    86 ;; This function calls:
    87 ;;		_OpenTimer0
    88 ;; This function is called by:
    89 ;;		Startup code after reset
    90 ;; This function uses a non-reentrant model
    91 ;;
    92                           
    93                           	psect	text0
    94  0000B8                     __ptext0:
    95                           	opt stack 0
    96  0000B8                     _main:
    97                           	opt stack 29
    98                           
    99                           ;main.c: 31: TRISB = 0;
   100                           
   101                           ;incstack = 0
   102  0000B8  0E00               	movlw	0
   103  0000BA  6E93               	movwf	3987,c	;volatile
   104                           
   105                           ;main.c: 32: LATB = 1;
   106  0000BC  0E01               	movlw	1
   107  0000BE  6E8A               	movwf	3978,c	;volatile
   108                           
   109                           ;main.c: 33: TRISA3 = 1;
   110  0000C0  8692               	bsf	3986,3,c	;volatile
   111                           
   112                           ;main.c: 34: ANSA3 = 0;
   113  0000C2  010F               	movlb	15	; () banked
   114  0000C4  975B               	bcf	91,3,b	;volatile
   115                           
   116                           ;main.c: 35: OSCCON = 0x78;
   117  0000C6  0E78               	movlw	120
   118  0000C8  6ED3               	movwf	4051,c	;volatile
   119                           
   120                           ; BSR set to: 15
   121                           ;main.c: 36: OpenTimer0(0b11111111 & 0b10111111 & 0b11011111 & 0b11110001);
   122  0000CA  0E91               	movlw	145
   123  0000CC  EC4C  F000         	call	_OpenTimer0
   124                           
   125                           ;main.c: 37: GIEH = 1;
   126  0000D0  8EF2               	bsf	intcon,7,c	;volatile
   127  0000D2                     l31:
   128  0000D2  D7FF               	goto	l31
   129  0000D4                     __end_of_main:
   130                           	opt stack 0
   131                           intcon	equ	0xFF2
   132                           
   133 ;; *************** function _OpenTimer0 *****************
   134 ;; Defined at:
   135 ;;		line 18 in file "D:\Program\Microchip\xc8\v1.36\sources\pic18\plib\Timers\t0open.c"
   136 ;; Parameters:    Size  Location     Type
   137 ;;  config          1    wreg     unsigned char 
   138 ;; Auto vars:     Size  Location     Type
   139 ;;  config          1   14[COMRAM] unsigned char 
   140 ;; Return value:  Size  Location     Type
   141 ;;                  1    wreg      void 
   142 ;; Registers used:
   143 ;;		wreg, status,2, status,0
   144 ;; Tracked objects:
   145 ;;		On entry : 0/0
   146 ;;		On exit  : 0/0
   147 ;;		Unchanged: 0/0
   148 ;; Data sizes:     COMRAM   BANK0   BANK1   BANK2   BANK3   BANK4   BANK5   BANK6   BANK7
   149 ;;      Params:         0       0       0       0       0       0       0       0       0
   150 ;;      Locals:         1       0       0       0       0       0       0       0       0
   151 ;;      Temps:          0       0       0       0       0       0       0       0       0
   152 ;;      Totals:         1       0       0       0       0       0       0       0       0
   153 ;;Total ram usage:        1 bytes
   154 ;; Hardware stack levels used:    1
   155 ;; Hardware stack levels required when called:    1
   156 ;; This function calls:
   157 ;;		Nothing
   158 ;; This function is called by:
   159 ;;		_main
   160 ;; This function uses a non-reentrant model
   161 ;;
   162                           
   163                           	psect	text1
   164  000098                     __ptext1:
   165                           	opt stack 0
   166  000098                     _OpenTimer0:
   167                           	opt stack 29
   168                           
   169                           ;incstack = 0
   170                           ;OpenTimer0@config stored from wreg
   171  000098  6E0F               	movwf	OpenTimer0@config,c
   172  00009A  500F               	movf	OpenTimer0@config,w,c
   173  00009C  0B7F               	andlw	127
   174  00009E  6ED5               	movwf	4053,c	;volatile
   175  0000A0  0E00               	movlw	0
   176  0000A2  6ED7               	movwf	4055,c	;volatile
   177  0000A4  0E00               	movlw	0
   178  0000A6  6ED6               	movwf	4054,c	;volatile
   179  0000A8  94F2               	bcf	intcon,2,c	;volatile
   180  0000AA  AE0F               	btfss	OpenTimer0@config,7,c
   181  0000AC  D002               	goto	l47
   182  0000AE  8AF2               	bsf	intcon,5,c	;volatile
   183  0000B0  D001               	goto	l48
   184  0000B2                     l47:
   185  0000B2  9AF2               	bcf	intcon,5,c	;volatile
   186  0000B4                     l48:
   187  0000B4  8ED5               	bsf	4053,7,c	;volatile
   188  0000B6  0012               	return		;funcret
   189  0000B8                     __end_of_OpenTimer0:
   190                           	opt stack 0
   191                           intcon	equ	0xFF2
   192                           
   193 ;; *************** function _MyIntVec *****************
   194 ;; Defined at:
   195 ;;		line 18 in file "main.c"
   196 ;; Parameters:    Size  Location     Type
   197 ;;		None
   198 ;; Auto vars:     Size  Location     Type
   199 ;;		None
   200 ;; Return value:  Size  Location     Type
   201 ;;                  1    wreg      void 
   202 ;; Registers used:
   203 ;;		None
   204 ;; Tracked objects:
   205 ;;		On entry : 0/0
   206 ;;		On exit  : 0/0
   207 ;;		Unchanged: 0/0
   208 ;; Data sizes:     COMRAM   BANK0   BANK1   BANK2   BANK3   BANK4   BANK5   BANK6   BANK7
   209 ;;      Params:         0       0       0       0       0       0       0       0       0
   210 ;;      Locals:         0       0       0       0       0       0       0       0       0
   211 ;;      Temps:         14       0       0       0       0       0       0       0       0
   212 ;;      Totals:        14       0       0       0       0       0       0       0       0
   213 ;;Total ram usage:       14 bytes
   214 ;; Hardware stack levels used:    1
   215 ;; This function calls:
   216 ;;		Nothing
   217 ;; This function is called by:
   218 ;;		Interrupt level 2
   219 ;; This function uses a non-reentrant model
   220 ;;
   221                           
   222                           	psect	intcode
   223  000008                     __pintcode:
   224                           	opt stack 0
   225  000008                     _MyIntVec:
   226                           	opt stack 29
   227                           
   228                           ;incstack = 0
   229  000008  8210               	bsf	btemp,1,c	;set compiler interrupt flag (level 2)
   230  00000A  CFFA F001          	movff	pclath,??_MyIntVec
   231  00000E  CFFB F002          	movff	pclatu,??_MyIntVec+1
   232  000012  CFE9 F003          	movff	fsr0l,??_MyIntVec+2
   233  000016  CFEA F004          	movff	fsr0h,??_MyIntVec+3
   234  00001A  CFE1 F005          	movff	fsr1l,??_MyIntVec+4
   235  00001E  CFE2 F006          	movff	fsr1h,??_MyIntVec+5
   236  000022  CFD9 F007          	movff	fsr2l,??_MyIntVec+6
   237  000026  CFDA F008          	movff	fsr2h,??_MyIntVec+7
   238  00002A  CFF3 F009          	movff	prodl,??_MyIntVec+8
   239  00002E  CFF4 F00A          	movff	prodh,??_MyIntVec+9
   240  000032  CFF6 F00B          	movff	tblptrl,??_MyIntVec+10
   241  000036  CFF7 F00C          	movff	tblptrh,??_MyIntVec+11
   242  00003A  CFF8 F00D          	movff	tblptru,??_MyIntVec+12
   243  00003E  CFF5 F00E          	movff	tablat,??_MyIntVec+13
   244                           
   245                           ;main.c: 19: if (TMR0IE && TMR0IF) {
   246  000042  BAF2               	btfsc	intcon,5,c	;volatile
   247  000044  A4F2               	btfss	intcon,2,c	;volatile
   248  000046  D008               	goto	i2l28
   249                           
   250                           ;main.c: 20: TMR0IF = 0;
   251  000048  94F2               	bcf	intcon,2,c	;volatile
   252                           
   253                           ;main.c: 21: if (PORTAbits.RA3) {
   254  00004A  A680               	btfss	3968,3,c	;volatile
   255  00004C  D002               	goto	i2u5_41
   256                           
   257                           ;main.c: 22: LATB3 = !LATB3;
   258  00004E  B68A               	btfsc	3978,3,c	;volatile
   259  000050  D002               	goto	i2u5_40
   260  000052                     i2u5_41:
   261  000052  868A               	bsf	3978,3,c	;volatile
   262  000054  D001               	goto	i2l28
   263  000056                     i2u5_40:
   264  000056  968A               	bcf	3978,3,c	;volatile
   265  000058                     i2l28:
   266  000058  C00E  FFF5         	movff	??_MyIntVec+13,tablat
   267  00005C  C00D  FFF8         	movff	??_MyIntVec+12,tblptru
   268  000060  C00C  FFF7         	movff	??_MyIntVec+11,tblptrh
   269  000064  C00B  FFF6         	movff	??_MyIntVec+10,tblptrl
   270  000068  C00A  FFF4         	movff	??_MyIntVec+9,prodh
   271  00006C  C009  FFF3         	movff	??_MyIntVec+8,prodl
   272  000070  C008  FFDA         	movff	??_MyIntVec+7,fsr2h
   273  000074  C007  FFD9         	movff	??_MyIntVec+6,fsr2l
   274  000078  C006  FFE2         	movff	??_MyIntVec+5,fsr1h
   275  00007C  C005  FFE1         	movff	??_MyIntVec+4,fsr1l
   276  000080  C004  FFEA         	movff	??_MyIntVec+3,fsr0h
   277  000084  C003  FFE9         	movff	??_MyIntVec+2,fsr0l
   278  000088  C002  FFFB         	movff	??_MyIntVec+1,pclatu
   279  00008C  C001  FFFA         	movff	??_MyIntVec,pclath
   280  000090  9210               	bcf	btemp,1,c	;clear compiler interrupt flag (level 2)
   281  000092  0011               	retfie		f
   282  000094                     __end_of_MyIntVec:
   283                           	opt stack 0
   284  0000                     pclatu	equ	0xFFB
   285                           pclath	equ	0xFFA
   286                           tblptru	equ	0xFF8
   287                           tblptrh	equ	0xFF7
   288                           tblptrl	equ	0xFF6
   289                           tablat	equ	0xFF5
   290                           prodh	equ	0xFF4
   291                           prodl	equ	0xFF3
   292                           intcon	equ	0xFF2
   293                           fsr0h	equ	0xFEA
   294                           fsr0l	equ	0xFE9
   295                           fsr1h	equ	0xFE2
   296                           fsr1l	equ	0xFE1
   297                           fsr2h	equ	0xFDA
   298                           fsr2l	equ	0xFD9
   299                           pclatu	equ	0xFFB
   300                           pclath	equ	0xFFA
   301                           tblptru	equ	0xFF8
   302                           tblptrh	equ	0xFF7
   303                           tblptrl	equ	0xFF6
   304                           tablat	equ	0xFF5
   305                           prodh	equ	0xFF4
   306                           prodl	equ	0xFF3
   307                           intcon	equ	0xFF2
   308                           fsr0h	equ	0xFEA
   309                           fsr0l	equ	0xFE9
   310                           fsr1h	equ	0xFE2
   311                           fsr1l	equ	0xFE1
   312                           fsr2h	equ	0xFDA
   313                           fsr2l	equ	0xFD9
   314                           
   315                           	psect	rparam
   316  0000                     pclatu	equ	0xFFB
   317                           pclath	equ	0xFFA
   318                           tblptru	equ	0xFF8
   319                           tblptrh	equ	0xFF7
   320                           tblptrl	equ	0xFF6
   321                           tablat	equ	0xFF5
   322                           prodh	equ	0xFF4
   323                           prodl	equ	0xFF3
   324                           intcon	equ	0xFF2
   325                           fsr0h	equ	0xFEA
   326                           fsr0l	equ	0xFE9
   327                           fsr1h	equ	0xFE2
   328                           fsr1l	equ	0xFE1
   329                           fsr2h	equ	0xFDA
   330                           fsr2l	equ	0xFD9
   331                           
   332                           	psect	temp
   333  000010                     btemp:
   334                           	opt stack 0
   335  000010                     	ds	1
   336  0000                     int$flags	set	btemp
   337                           pclatu	equ	0xFFB
   338                           pclath	equ	0xFFA
   339                           tblptru	equ	0xFF8
   340                           tblptrh	equ	0xFF7
   341                           tblptrl	equ	0xFF6
   342                           tablat	equ	0xFF5
   343                           prodh	equ	0xFF4
   344                           prodl	equ	0xFF3
   345                           intcon	equ	0xFF2
   346                           fsr0h	equ	0xFEA
   347                           fsr0l	equ	0xFE9
   348                           fsr1h	equ	0xFE2
   349                           fsr1l	equ	0xFE1
   350                           fsr2h	equ	0xFDA
   351                           fsr2l	equ	0xFD9


Data Sizes:
    Strings     0
    Constant    0
    Data        0
    BSS         0
    Persistent  0
    Stack       0

Auto Spaces:
    Space          Size  Autos    Used
    COMRAM           94     15      15
    BANK0           160      0       0
    BANK1           256      0       0
    BANK2           256      0       0
    BANK3           256      0       0
    BANK4           256      0       0
    BANK5           256      0       0
    BANK6           256      0       0
    BANK7           256      0       0

Pointer List with Targets:

    None.

Critical Paths under _main in COMRAM

    _main->_OpenTimer0

Critical Paths under _MyIntVec in COMRAM

    None.

Critical Paths under _main in BANK0

    None.

Critical Paths under _MyIntVec in BANK0

    None.

Critical Paths under _main in BANK1

    None.

Critical Paths under _MyIntVec in BANK1

    None.

Critical Paths under _main in BANK2

    None.

Critical Paths under _MyIntVec in BANK2

    None.

Critical Paths under _main in BANK3

    None.

Critical Paths under _MyIntVec in BANK3

    None.

Critical Paths under _main in BANK4

    None.

Critical Paths under _MyIntVec in BANK4

    None.

Critical Paths under _main in BANK5

    None.

Critical Paths under _MyIntVec in BANK5

    None.

Critical Paths under _main in BANK6

    None.

Critical Paths under _MyIntVec in BANK6

    None.

Critical Paths under _main in BANK7

    None.

Critical Paths under _MyIntVec in BANK7

    None.

Call Graph Tables:

 ---------------------------------------------------------------------------------
 (Depth) Function   	        Calls       Base Space   Used Autos Params    Refs
 ---------------------------------------------------------------------------------
 (0) _main                                                 0     0      0      30
                         _OpenTimer0
 ---------------------------------------------------------------------------------
 (1) _OpenTimer0                                           1     1      0      30
                                             14 COMRAM     1     1      0
 ---------------------------------------------------------------------------------
 Estimated maximum stack depth 1
 ---------------------------------------------------------------------------------
 (Depth) Function   	        Calls       Base Space   Used Autos Params    Refs
 ---------------------------------------------------------------------------------
 (2) _MyIntVec                                            14    14      0       0
                                              0 COMRAM    14    14      0
 ---------------------------------------------------------------------------------
 Estimated maximum stack depth 2
 ---------------------------------------------------------------------------------

 Call Graph Graphs:

 _main (ROOT)
   _OpenTimer0

 _MyIntVec (ROOT)

 Address spaces:
Name               Size   Autos  Total    Cost      Usage
BITCOMRAM           5E      0       0       0        0.0%
EEDATA             100      0       0       0        0.0%
NULL                 0      0       0       0        0.0%
CODE                 0      0       0       0        0.0%
COMRAM              5E      F       F       1       16.0%
STACK                0      0       0       2        0.0%
DATA                 0      0       0       3        0.0%
BITBANK0            A0      0       0       4        0.0%
BANK0               A0      0       0       5        0.0%
ABS                  0      0       0       6        0.0%
BITBANK1           100      0       0       7        0.0%
BANK1              100      0       0       8        0.0%
BITBANK2           100      0       0       9        0.0%
BANK2              100      0       0      10        0.0%
BITBANK3           100      0       0      11        0.0%
BANK3              100      0       0      12        0.0%
BITBANK4           100      0       0      13        0.0%
BANK4              100      0       0      14        0.0%
BITBANK5           100      0       0      15        0.0%
BANK5              100      0       0      16        0.0%
BITBANK6           100      0       0      17        0.0%
BANK6              100      0       0      18        0.0%
BITBANK7           100      0       0      19        0.0%
BANK7              100      0       0      20        0.0%
BIGRAM             7FF      0       0      21        0.0%
BITSFR_1             0      0       0      40        0.0%
SFR_1                0      0       0      40        0.0%
BITSFR               0      0       0      40        0.0%
SFR                  0      0       0      40        0.0%


Microchip Technology PIC18 Macro Assembler V1.36 build -262312587 
Symbol Table                                                                                   Wed Mar 02 14:58:33 2016

                     l31 00D2                       l47 00B2                       l48 00B4  
           __CFG_LVP$OFF 000000                     _GIEH 007F97                     _LATB 000F8A  
                   i2l28 0058                     _main 00B8                     fsr0h 000FEA  
                   fsr1h 000FE2                     fsr0l 000FE9                     fsr2h 000FDA  
                   fsr1l 000FE1                     fsr2l 000FD9                     btemp 0010  
                   pclat 000FFA                     prodh 000FF4                     prodl 000FF3  
                   start 0094            __CFG_MCLRE$ON 000000             ___param_bank 000010  
                  ?_main 0001                    _ANSA3 007ADB                    _T0CON 000FD5  
                  _LATB3 007C53           __CFG_DEBUG$OFF 000000                    _TMR0H 000FD7  
                  _TMR0L 000FD6                    _TRISB 000F93                    tablat 000FF5  
        __initialization 00D4             __end_of_main 00D4         __end_of_MyIntVec 0094  
                 ??_main 0010            __activetblptr 000000               _OpenTimer0 0098  
         __CFG_WDTEN$OFF 000000                   _OSCCON 000FD3                   _TMR0IE 007F95  
                 _TMR0IF 007F92                   i2u5_40 0056                   i2u5_41 0052  
                 _TRISA3 007C93         OpenTimer0@config 000F                   tblptrh 000FF7  
                 tblptrl 000FF6                   tblptru 000FF8               __accesstop 0060  
__end_of__initialization 00D4          __CFG_PBADEN$OFF 000000            ___rparam_used 000001  
         __pcstackCOMRAM 0001              ?_OpenTimer0 0001                ?_MyIntVec 0001  
             ??_MyIntVec 0001                  __Hparam 0000                  __Lparam 0000  
                __pcinit 00D4                  __ramtop 0800      __size_of_OpenTimer0 0020  
                __ptext0 00B8                  __ptext1 0098                _T0CONbits 000FD5  
   end_of_initialization 00D4                _PORTAbits 000F80      start_initialization 00D4  
           ??_OpenTimer0 000F        __size_of_MyIntVec 008C       __end_of_OpenTimer0 00B8  
              __pintcode 0008                 _MyIntVec 0008                 __Hrparam 0000  
               __Lrparam 0000            __size_of_main 001C                 int$flags 0010  
             _INTCONbits 000FF2                 intlevel2 0000       __CFG_FOSC$INTOSCIO 000000  
